This is pdfTeX, Version 3.1415926-2.3-1.40.12 (TeX Live 2012/dev/Arch Linux) (format=pdflatex 2012.2.3)  2 APR 2012 21:08
entering extended mode
 restricted \write18 enabled.
 %&-line parsing enabled.
**U096883L-lab4-part3.c
(./U096883L-lab4-part3.c
LaTeX2e <2011/06/27>
Babel <v3.8m> and hyphenation patterns for english, dumylang, nohyphenation, ge
rman-x-2011-07-01, ngerman-x-2011-07-01, afrikaans, ancientgreek, ibycus, arabi
c, armenian, basque, bulgarian, catalan, pinyin, coptic, croatian, czech, danis
h, dutch, ukenglish, usenglishmax, esperanto, estonian, ethiopic, farsi, finnis
h, french, galician, german, ngerman, swissgerman, monogreek, greek, hungarian,
 icelandic, assamese, bengali, gujarati, hindi, kannada, malayalam, marathi, or
iya, panjabi, tamil, telugu, indonesian, interlingua, irish, italian, kurmanji,
 lao, latin, latvian, lithuanian, mongolian, mongolianlmc, bokmal, nynorsk, pol
ish, portuguese, romanian, russian, sanskrit, serbian, serbianc, slovak, sloven
ian, spanish, swedish, turkish, turkmen, ukrainian, uppersorbian, welsh, loaded
.
! You can't use `macro parameter character #' in vertical mode.
l.1 #
     include <signal.h>
? 
! Interruption.
<to be read again> 
                   i
l.1 #i
      nclude <signal.h>
? 

! LaTeX Error: Missing \begin{document}.

See the LaTeX manual or LaTeX Companion for explanation.
Type  H <return>  for immediate help.
 ...                                              
                                                  
l.1 #i
      nclude <signal.h>
? 
Missing character: There is no i in font nullfont!
Missing character: There is no n in font nullfont!
Missing character: There is no c in font nullfont!
Missing character: There is no l in font nullfont!
Missing character: There is no u in font nullfont!
Missing character: There is no d in font nullfont!
Missing character: There is no e in font nullfont!
Missing character: There is no < in font nullfont!
Missing character: There is no s in font nullfont!
Missing character: There is no i in font nullfont!
Missing character: There is no g in font nullfont!
Missing character: There is no n in font nullfont!
Missing character: There is no a in font nullfont!
Missing character: There is no l in font nullfont!
Missing character: There is no . in font nullfont!
Missing character: There is no h in font nullfont!
Missing character: There is no > in font nullfont!
! You can't use `macro parameter character #' in horizontal mode.
l.2 #
     include <ctype.h>
? 
Missing character: There is no i in font nullfont!
Missing character: There is no n in font nullfont!
Missing character: There is no c in font nullfont!
Missing character: There is no l in font nullfont!
Missing character: There is no u in font nullfont!
Missing character: There is no d in font nullfont!
Missing character: There is no e in font nullfont!
Missing character: There is no < in font nullfont!
Missing character: There is no c in font nullfont!
Missing character: There is no t in font nullfont!
Missing character: There is no y in font nullfont!
Missing character: There is no p in font nullfont!
Missing character: There is no e in font nullfont!
Missing character: There is no . in font nullfont!
Missing character: There is no h in font nullfont!
Missing character: There is no > in font nullfont!
! You can't use `macro parameter character #' in horizontal mode.
l.3 #
     include <stdlib.h>
? 
Missing character: There is no i in font nullfont!
Missing character: There is no n in font nullfont!
Missing character: There is no c in font nullfont!
Missing character: There is no l in font nullfont!
Missing character: There is no u in font nullfont!
Missing character: There is no d in font nullfont!
Missing character: There is no e in font nullfont!
Missing character: There is no < in font nullfont!
Missing character: There is no s in font nullfont!
Missing character: There is no t in font nullfont!
Missing character: There is no d in font nullfont!
Missing character: There is no l in font nullfont!
Missing character: There is no i in font nullfont!
Missing character: There is no b in font nullfont!
Missing character: There is no . in font nullfont!
Missing character: There is no h in font nullfont!
Missing character: There is no > in font nullfont!
! You can't use `macro parameter character #' in horizontal mode.
l.4 #
     include <stdio.h>
? 
Missing character: There is no i in font nullfont!
Missing character: There is no n in font nullfont!
Missing character: There is no c in font nullfont!
Missing character: There is no l in font nullfont!
Missing character: There is no u in font nullfont!
Missing character: There is no d in font nullfont!
Missing character: There is no e in font nullfont!
Missing character: There is no < in font nullfont!
Missing character: There is no s in font nullfont!
Missing character: There is no t in font nullfont!
Missing character: There is no d in font nullfont!
Missing character: There is no i in font nullfont!
Missing character: There is no o in font nullfont!
Missing character: There is no . in font nullfont!
Missing character: There is no h in font nullfont!
Missing character: There is no > in font nullfont!
! You can't use `macro parameter character #' in horizontal mode.
l.5 #
     include <string.h>
? 
Missing character: There is no i in font nullfont!
Missing character: There is no n in font nullfont!
Missing character: There is no c in font nullfont!
Missing character: There is no l in font nullfont!
Missing character: There is no u in font nullfont!
Missing character: There is no d in font nullfont!
Missing character: There is no e in font nullfont!
Missing character: There is no < in font nullfont!
Missing character: There is no s in font nullfont!
Missing character: There is no t in font nullfont!
Missing character: There is no r in font nullfont!
Missing character: There is no i in font nullfont!
Missing character: There is no n in font nullfont!
Missing character: There is no g in font nullfont!
Missing character: There is no . in font nullfont!
Missing character: There is no h in font nullfont!
Missing character: There is no > in font nullfont!
! You can't use `macro parameter character #' in horizontal mode.
l.6 #
     include <unistd.h>
? 
Missing character: There is no i in font nullfont!
Missing character: There is no n in font nullfont!
Missing character: There is no c in font nullfont!
Missing character: There is no l in font nullfont!
Missing character: There is no u in font nullfont!
Missing character: There is no d in font nullfont!
Missing character: There is no e in font nullfont!
Missing character: There is no < in font nullfont!
Missing character: There is no u in font nullfont!
Missing character: There is no n in font nullfont!
Missing character: There is no i in font nullfont!
Missing character: There is no s in font nullfont!
Missing character: There is no t in font nullfont!
Missing character: There is no d in font nullfont!
Missing character: There is no . in font nullfont!
Missing character: There is no h in font nullfont!
Missing character: There is no > in font nullfont!
! You can't use `macro parameter character #' in horizontal mode.
l.7 #
     include <sys/wait.h>
? 
Missing character: There is no i in font nullfont!
Missing character: There is no n in font nullfont!
Missing character: There is no c in font nullfont!
Missing character: There is no l in font nullfont!
Missing character: There is no u in font nullfont!
Missing character: There is no d in font nullfont!
Missing character: There is no e in font nullfont!
Missing character: There is no < in font nullfont!
Missing character: There is no s in font nullfont!
Missing character: There is no y in font nullfont!
Missing character: There is no s in font nullfont!
Missing character: There is no / in font nullfont!
Missing character: There is no w in font nullfont!
Missing character: There is no a in font nullfont!
Missing character: There is no i in font nullfont!
Missing character: There is no t in font nullfont!
Missing character: There is no . in font nullfont!
Missing character: There is no h in font nullfont!
Missing character: There is no > in font nullfont!
! You can't use `macro parameter character #' in horizontal mode.
l.8 #
     include <sys/time.h>
? 
Missing character: There is no i in font nullfont!
Missing character: There is no n in font nullfont!
Missing character: There is no c in font nullfont!
Missing character: There is no l in font nullfont!
Missing character: There is no u in font nullfont!
Missing character: There is no d in font nullfont!
Missing character: There is no e in font nullfont!
Missing character: There is no < in font nullfont!
Missing character: There is no s in font nullfont!
Missing character: There is no y in font nullfont!
Missing character: There is no s in font nullfont!
Missing character: There is no / in font nullfont!
Missing character: There is no t in font nullfont!
Missing character: There is no i in font nullfont!
Missing character: There is no m in font nullfont!
Missing character: There is no e in font nullfont!
Missing character: There is no . in font nullfont!
Missing character: There is no h in font nullfont!
Missing character: There is no > in font nullfont!

Overfull \hbox (20.0pt too wide) in paragraph at lines 1--9
[]
 []


! LaTeX Error: Missing \begin{document}.

See the LaTeX manual or LaTeX Companion for explanation.
Type  H <return>  for immediate help.
 ...                                              
                                                  
l.10 c
      har	ignore_errors	= 0;
? 
Missing character: There is no c in font nullfont!
Missing character: There is no h in font nullfont!
Missing character: There is no a in font nullfont!
Missing character: There is no r in font nullfont!
Missing character: There is no i in font nullfont!
Missing character: There is no g in font nullfont!
Missing character: There is no n in font nullfont!
Missing character: There is no o in font nullfont!
Missing character: There is no r in font nullfont!
Missing character: There is no e in font nullfont!
! Missing $ inserted.
<inserted text> 
                $
l.10 char	ignore_
                 errors	= 0;
? 
LaTeX Font Info:    External font `cmex10' loaded for size
(Font)              <7> on input line 10.
LaTeX Font Info:    External font `cmex10' loaded for size
(Font)              <5> on input line 10.
! Missing $ inserted.
<inserted text> 
                $
l.14 
     
? 

Overfull \hbox (20.0pt too wide) in paragraph at lines 10--14
[]
 []


Overfull \hbox (38.75246pt too wide) in paragraph at lines 10--14
[]\OML/cmm/m/it/10 rrors \OT1/cmr/m/n/10 =
 []


Overfull \hbox (73.29863pt too wide) in paragraph at lines 10--14
\OT1/cmr/m/n/10 0; \OML/cmm/m/it/10 charverbose \OT1/cmr/m/n/10 =
 []


Overfull \hbox (34.60884pt too wide) in paragraph at lines 10--14
\OT1/cmr/m/n/10 0; \OML/cmm/m/it/10 char \OMS/cmsy/m/n/10 ^^C
 []


Overfull \hbox (43.01346pt too wide) in paragraph at lines 10--14
\OML/cmm/m/it/10 argfile \OT1/cmr/m/n/10 =
 []


Overfull \hbox (112.54684pt too wide) in paragraph at lines 10--14
\OML/cmm/m/it/10 NULL\OT1/cmr/m/n/10 ; \OML/cmm/m/it/10 longinttimeout \OT1/cmr
/m/n/10 =
 []


Overfull \hbox (7.7778pt too wide) in paragraph at lines 10--14
\OT1/cmr/m/n/10 0;$ 
 []


! LaTeX Error: Missing \begin{document}.

See the LaTeX manual or LaTeX Companion for explanation.
Type  H <return>  for immediate help.
 ...                                              
                                                  
l.16 c
      har	error_seen		= 0;
? 
Missing character: There is no c in font nullfont!
Missing character: There is no h in font nullfont!
Missing character: There is no a in font nullfont!
Missing character: There is no r in font nullfont!
Missing character: There is no e in font nullfont!
Missing character: There is no r in font nullfont!
Missing character: There is no r in font nullfont!
Missing character: There is no o in font nullfont!
Missing character: There is no r in font nullfont!
! Missing $ inserted.
<inserted text> 
                $
l.16 char	error_
                seen		= 0;
? 
! Missing $ inserted.
<inserted text> 
                $
l.17 
     
? 

Overfull \hbox (20.0pt too wide) in paragraph at lines 16--17
[]
 []


Overfull \hbox (30.14471pt too wide) in paragraph at lines 16--17
[]\OML/cmm/m/it/10 een \OT1/cmr/m/n/10 =
 []


Overfull \hbox (7.7778pt too wide) in paragraph at lines 16--17
\OT1/cmr/m/n/10 0;$ 
 []


! LaTeX Error: Missing \begin{document}.

See the LaTeX manual or LaTeX Companion for explanation.
Type  H <return>  for immediate help.
 ...                                              
                                                  
l.18 c
      har	**fa_argv;
? 
Missing character: There is no c in font nullfont!
Missing character: There is no h in font nullfont!
Missing character: There is no a in font nullfont!
Missing character: There is no r in font nullfont!
Missing character: There is no * in font nullfont!
Missing character: There is no * in font nullfont!
Missing character: There is no f in font nullfont!
Missing character: There is no a in font nullfont!
! Missing $ inserted.
<inserted text> 
                $
l.18 char	**fa_
               argv;
? 
! Undefined control sequence.
l.24 	fprintf(stderr,"\n
                        ");
? 
! Missing $ inserted.
<inserted text> 
                $
l.26 
     
? 

Overfull \hbox (20.0pt too wide) in paragraph at lines 18--26
[]
 []


Overfull \hbox (162.84734pt too wide) in paragraph at lines 18--26
[]\OML/cmm/m/it/10 rgv\OT1/cmr/m/n/10 ; \OML/cmm/m/it/10 intfa[]rgc\OT1/cmr/m/n
/10 ; \OML/cmm/m/it/10 voidprint[]rgv\OT1/cmr/m/n/10 (\OML/cmm/m/it/10 char \OM
S/cmsy/m/n/10 ^^C
 []


Overfull \hbox (291.5497pt too wide) in paragraph at lines 18--26
\OMS/cmsy/m/n/10 ^^C\OML/cmm/m/it/10 args\OT1/cmr/m/n/10 )[]$ 
 []


! LaTeX Error: Missing \begin{document}.

See the LaTeX manual or LaTeX Companion for explanation.
Type  H <return>  for immediate help.
 ...                                              
                                                  
l.27 i
      nt child_pid;
? 
Missing character: There is no i in font nullfont!
Missing character: There is no n in font nullfont!
Missing character: There is no t in font nullfont!
Missing character: There is no c in font nullfont!
Missing character: There is no h in font nullfont!
Missing character: There is no i in font nullfont!
Missing character: There is no l in font nullfont!
Missing character: There is no d in font nullfont!
! Missing $ inserted.
<inserted text> 
                $
l.27 int child_
               pid;
? 
! Misplaced alignment tab character &.
l.33 	gettimeofday(&
                    start_time,NULL);
? 
! Misplaced alignment tab character &.
l.37 		wpid = waitpid(child_pid, &
                                  child_stat,WNOHANG);
? 
! Misplaced alignment tab character &.
l.43 				gettimeofday(&
                       start_time,NULL);
? 
! Missing $ inserted.
<inserted text> 
                $
l.58 
     
? 
! Missing } inserted.
<inserted text> 
                }
l.58 
     
? 

Overfull \hbox (20.0pt too wide) in paragraph at lines 27--58
[]
 []


Overfull \hbox (2204.36218pt too wide) in paragraph at lines 27--58
[]\OML/cmm/m/it/10 id\OT1/cmr/m/n/10 ; \OML/cmm/m/it/10 longintmilliseconds\OT1
/cmr/m/n/10 ; \OML/cmm/m/it/10 intchild[]tat\OT1/cmr/m/n/10 ; \OML/cmm/m/it/10 
intth\OT1/cmr/m/n/10 (\OML/cmm/m/it/10 inta\OT1/cmr/m/n/10 )[]$ 
 []


! LaTeX Error: Missing \begin{document}.

See the LaTeX manual or LaTeX Companion for explanation.
Type  H <return>  for immediate help.
 ...                                              
                                                  
l.59 	r
       eturn -1;
? 
Missing character: There is no r in font nullfont!
Missing character: There is no e in font nullfont!
Missing character: There is no t in font nullfont!
Missing character: There is no u in font nullfont!
Missing character: There is no r in font nullfont!
Missing character: There is no n in font nullfont!
Missing character: There is no - in font nullfont!
Missing character: There is no 1 in font nullfont!
Missing character: There is no ; in font nullfont!
! Too many }'s.
l.60 }
      
? 

Overfull \hbox (20.0pt too wide) in paragraph at lines 59--61
[]
 []


! LaTeX Error: Missing \begin{document}.

See the LaTeX manual or LaTeX Companion for explanation.
Type  H <return>  for immediate help.
 ...                                              
                                                  
l.63 i
      nt set_opts(int argc, char** argv)
? 
Missing character: There is no i in font nullfont!
Missing character: There is no n in font nullfont!
Missing character: There is no t in font nullfont!
Missing character: There is no s in font nullfont!
Missing character: There is no e in font nullfont!
Missing character: There is no t in font nullfont!
! Missing $ inserted.
<inserted text> 
                $
l.63 int set_
             opts(int argc, char** argv)
? 
! Missing $ inserted.
<inserted text> 
                $
l.89 
     
? 

Overfull \hbox (20.0pt too wide) in paragraph at lines 63--89
[]
 []


Overfull \hbox (83.86469pt too wide) in paragraph at lines 63--89
[]\OML/cmm/m/it/10 pts\OT1/cmr/m/n/10 (\OML/cmm/m/it/10 intargc; char \OMS/cmsy
/m/n/10 ^^C
 []


Overfull \hbox (1696.4078pt too wide) in paragraph at lines 63--89
\OMS/cmsy/m/n/10 ^^C\OML/cmm/m/it/10 argv\OT1/cmr/m/n/10 )[]$ 
 []


! LaTeX Error: Missing \begin{document}.

See the LaTeX manual or LaTeX Companion for explanation.
Type  H <return>  for immediate help.
 ...                                              
                                                  
l.90 v
      oid read_file(char *argfile)
? 
Missing character: There is no v in font nullfont!
Missing character: There is no o in font nullfont!
Missing character: There is no i in font nullfont!
Missing character: There is no d in font nullfont!
Missing character: There is no r in font nullfont!
Missing character: There is no e in font nullfont!
Missing character: There is no a in font nullfont!
Missing character: There is no d in font nullfont!
! Missing $ inserted.
<inserted text> 
                $
l.90 void read_
               file(char *argfile)
? 
! Missing $ inserted.
<inserted text> 
                $
l.107 
      
? 

Overfull \hbox (20.0pt too wide) in paragraph at lines 90--107
[]
 []


Overfull \hbox (45.51936pt too wide) in paragraph at lines 90--107
[]\OML/cmm/m/it/10 ile\OT1/cmr/m/n/10 (\OML/cmm/m/it/10 char \OMS/cmsy/m/n/10 ^
^C
 []


Overfull \hbox (1355.161pt too wide) in paragraph at lines 90--107
\OML/cmm/m/it/10 argfile\OT1/cmr/m/n/10 )[]$ 
 []


! LaTeX Error: Missing \begin{document}.

See the LaTeX manual or LaTeX Companion for explanation.
Type  H <return>  for immediate help.
 ...                                              
                                                  
l.110 c
       har **append_args(int argc, char** argv)
? 
Missing character: There is no c in font nullfont!
Missing character: There is no h in font nullfont!
Missing character: There is no a in font nullfont!
Missing character: There is no r in font nullfont!
Missing character: There is no * in font nullfont!
Missing character: There is no * in font nullfont!
Missing character: There is no a in font nullfont!
Missing character: There is no p in font nullfont!
Missing character: There is no p in font nullfont!
Missing character: There is no e in font nullfont!
Missing character: There is no n in font nullfont!
Missing character: There is no d in font nullfont!
! Missing $ inserted.
<inserted text> 
                $
l.110 char **append_
                    args(int argc, char** argv)
? 
! Missing $ inserted.
<inserted text> 
                $
l.118 
      
? 

Overfull \hbox (20.0pt too wide) in paragraph at lines 110--118
[]
 []


Overfull \hbox (85.53058pt too wide) in paragraph at lines 110--118
[]\OML/cmm/m/it/10 rgs\OT1/cmr/m/n/10 (\OML/cmm/m/it/10 intargc; char \OMS/cmsy
/m/n/10 ^^C
 []


Overfull \hbox (1074.02252pt too wide) in paragraph at lines 110--118
\OMS/cmsy/m/n/10 ^^C\OML/cmm/m/it/10 argv\OT1/cmr/m/n/10 )[]$ 
 []


! LaTeX Error: Missing \begin{document}.

See the LaTeX manual or LaTeX Companion for explanation.
Type  H <return>  for immediate help.
 ...                                              
                                                  
l.119 v
       oid find_first_comment(char *command)
? 
Missing character: There is no v in font nullfont!
Missing character: There is no o in font nullfont!
Missing character: There is no i in font nullfont!
Missing character: There is no d in font nullfont!
Missing character: There is no f in font nullfont!
Missing character: There is no i in font nullfont!
Missing character: There is no n in font nullfont!
Missing character: There is no d in font nullfont!
! Missing $ inserted.
<inserted text> 
                $
l.119 void find_
                first_comment(char *command)
? 
! Undefined control sequence.
<recently read> \0
                  
l.122 	while(command[i] != '\0
                              '
? 
! Double superscript.
<recently read> ^
                 
l.122 	while(command[i] != '\0'
                               
? 
! You can't use `macro parameter character #' in math mode.
<recently read> ##
                  
l.123 		||command[i] != '#
                          ') i++;
? 
! Double superscript.
<recently read> ^
                 
l.123 		||command[i] != '#'
                           ) i++;
? 
! Undefined control sequence.
<recently read> \0
                  
l.124 	command[i] = '\0
                       ';
? 
! Double superscript.
<recently read> ^
                 
l.124 	command[i] = '\0'
                        ;
? 
! Missing $ inserted.
<inserted text> 
                $
l.126 
      
? 

Overfull \hbox (20.0pt too wide) in paragraph at lines 119--126
[]
 []


Overfull \hbox (91.52148pt too wide) in paragraph at lines 119--126
[]\OML/cmm/m/it/10 irst[]omment\OT1/cmr/m/n/10 (\OML/cmm/m/it/10 char \OMS/cmsy
/m/n/10 ^^C
 []


Overfull \hbox (369.50165pt too wide) in paragraph at lines 119--126
\OML/cmm/m/it/10 command\OT1/cmr/m/n/10 )[]$ 
 []


! LaTeX Error: Missing \begin{document}.

See the LaTeX manual or LaTeX Companion for explanation.
Type  H <return>  for immediate help.
 ...                                              
                                                  
l.127 F
       ILE *f;
? 
Missing character: There is no F in font nullfont!
Missing character: There is no I in font nullfont!
Missing character: There is no L in font nullfont!
Missing character: There is no E in font nullfont!
Missing character: There is no * in font nullfont!
Missing character: There is no f in font nullfont!
Missing character: There is no ; in font nullfont!
Missing character: There is no i in font nullfont!
Missing character: There is no n in font nullfont!
Missing character: There is no t in font nullfont!
Missing character: There is no m in font nullfont!
Missing character: There is no a in font nullfont!
Missing character: There is no i in font nullfont!
Missing character: There is no n in font nullfont!
Missing character: There is no ( in font nullfont!
Missing character: There is no i in font nullfont!
Missing character: There is no n in font nullfont!
Missing character: There is no t in font nullfont!
Missing character: There is no a in font nullfont!
Missing character: There is no r in font nullfont!
Missing character: There is no g in font nullfont!
Missing character: There is no c in font nullfont!
Missing character: There is no , in font nullfont!
Missing character: There is no c in font nullfont!
Missing character: There is no h in font nullfont!
Missing character: There is no a in font nullfont!
Missing character: There is no r in font nullfont!
Missing character: There is no * in font nullfont!
Missing character: There is no * in font nullfont!
Missing character: There is no a in font nullfont!
Missing character: There is no r in font nullfont!
Missing character: There is no g in font nullfont!
Missing character: There is no v in font nullfont!
Missing character: There is no , in font nullfont!
Missing character: There is no c in font nullfont!
Missing character: There is no h in font nullfont!
Missing character: There is no a in font nullfont!
Missing character: There is no r in font nullfont!
Missing character: There is no * in font nullfont!
Missing character: There is no e in font nullfont!
Missing character: There is no n in font nullfont!
Missing character: There is no v in font nullfont!
Missing character: There is no p in font nullfont!
Missing character: There is no [ in font nullfont!
Missing character: There is no ] in font nullfont!
Missing character: There is no ) in font nullfont!
Missing character: There is no i in font nullfont!
Missing character: There is no n in font nullfont!
Missing character: There is no t in font nullfont!
Missing character: There is no a in font nullfont!
Missing character: There is no ; in font nullfont!
Missing character: There is no f in font nullfont!
Missing character: There is no = in font nullfont!
Missing character: There is no s in font nullfont!
Missing character: There is no t in font nullfont!
Missing character: There is no d in font nullfont!
Missing character: There is no i in font nullfont!
Missing character: There is no n in font nullfont!
Missing character: There is no ; in font nullfont!
Missing character: There is no i in font nullfont!
Missing character: There is no f in font nullfont!
Missing character: There is no ( in font nullfont!
Missing character: There is no ( in font nullfont!
Missing character: There is no a in font nullfont!
Missing character: There is no = in font nullfont!
Missing character: There is no s in font nullfont!
Missing character: There is no e in font nullfont!
Missing character: There is no t in font nullfont!
! Missing $ inserted.
<inserted text> 
                $
l.132 	if((a = set_
                   opts(argc,argv)) < argc) f = fopen(argv[a],"r");
? 
! Missing $ inserted.
<inserted text> 
                $
l.133 
      
? 

Overfull \hbox (20.0pt too wide) in paragraph at lines 127--133
[]
 []


Overfull \hbox (84.38472pt too wide) in paragraph at lines 127--133
[]\OML/cmm/m/it/10 pts\OT1/cmr/m/n/10 (\OML/cmm/m/it/10 argc; argv\OT1/cmr/m/n/
10 )) \OML/cmm/m/it/10 <
 []


Overfull \hbox (39.94795pt too wide) in paragraph at lines 127--133
\OML/cmm/m/it/10 argc\OT1/cmr/m/n/10 )\OML/cmm/m/it/10 f \OT1/cmr/m/n/10 =
 []


Overfull \hbox (87.54994pt too wide) in paragraph at lines 127--133
\OML/cmm/m/it/10 fopen\OT1/cmr/m/n/10 (\OML/cmm/m/it/10 argv\OT1/cmr/m/n/10 [\O
ML/cmm/m/it/10 a\OT1/cmr/m/n/10 ]\OML/cmm/m/it/10 ; \OT1/cmr/m/n/10 "\OML/cmm/m
/it/10 r\OT1/cmr/m/n/10 ");$ 
 []


! LaTeX Error: Missing \begin{document}.

See the LaTeX manual or LaTeX Companion for explanation.
Type  H <return>  for immediate help.
 ...                                              
                                                  
l.134 	i
        f(argfile != NULL) read_file(argfile);
? 
Missing character: There is no i in font nullfont!
Missing character: There is no f in font nullfont!
Missing character: There is no ( in font nullfont!
Missing character: There is no a in font nullfont!
Missing character: There is no r in font nullfont!
Missing character: There is no g in font nullfont!
Missing character: There is no f in font nullfont!
Missing character: There is no i in font nullfont!
Missing character: There is no l in font nullfont!
Missing character: There is no e in font nullfont!
Missing character: There is no ! in font nullfont!
Missing character: There is no = in font nullfont!
Missing character: There is no N in font nullfont!
Missing character: There is no U in font nullfont!
Missing character: There is no L in font nullfont!
Missing character: There is no L in font nullfont!
Missing character: There is no ) in font nullfont!
Missing character: There is no r in font nullfont!
Missing character: There is no e in font nullfont!
Missing character: There is no a in font nullfont!
Missing character: There is no d in font nullfont!
! Missing $ inserted.
<inserted text> 
                $
l.134 	if(argfile != NULL) read_
                                file(argfile);
? 
! Missing $ inserted.
<inserted text> 
                $
l.135 
      
? 

Overfull \hbox (20.0pt too wide) in paragraph at lines 134--135
[]
 []


Overfull \hbox (59.47958pt too wide) in paragraph at lines 134--135
[]\OML/cmm/m/it/10 ile\OT1/cmr/m/n/10 (\OML/cmm/m/it/10 argfile\OT1/cmr/m/n/10 
);$ 
 []


! LaTeX Error: Missing \begin{document}.

See the LaTeX manual or LaTeX Companion for explanation.
Type  H <return>  for immediate help.
 ...                                              
                                                  
l.136 	/
        /printf("%d %d %s\n",ignore_errors,verbose,argfile);
? 
Missing character: There is no / in font nullfont!
Missing character: There is no / in font nullfont!
Missing character: There is no p in font nullfont!
Missing character: There is no r in font nullfont!
Missing character: There is no i in font nullfont!
Missing character: There is no n in font nullfont!
Missing character: There is no t in font nullfont!
Missing character: There is no f in font nullfont!
Missing character: There is no ( in font nullfont!
Missing character: There is no " in font nullfont!
Missing character: There is no c in font nullfont!
Missing character: There is no h in font nullfont!
Missing character: There is no a in font nullfont!
Missing character: There is no r in font nullfont!
Missing character: There is no i in font nullfont!
Missing character: There is no n in font nullfont!
Missing character: There is no p in font nullfont!
Missing character: There is no u in font nullfont!
Missing character: There is no t in font nullfont!
Missing character: There is no [ in font nullfont!
Missing character: There is no 1 in font nullfont!
Missing character: There is no 2 in font nullfont!
Missing character: There is no 8 in font nullfont!
Missing character: There is no ] in font nullfont!
Missing character: There is no ; in font nullfont!
Missing character: There is no w in font nullfont!
Missing character: There is no h in font nullfont!
Missing character: There is no i in font nullfont!
Missing character: There is no l in font nullfont!
Missing character: There is no e in font nullfont!
Missing character: There is no ( in font nullfont!
Missing character: There is no f in font nullfont!
Missing character: There is no g in font nullfont!
Missing character: There is no e in font nullfont!
Missing character: There is no t in font nullfont!
Missing character: There is no s in font nullfont!
Missing character: There is no ( in font nullfont!
Missing character: There is no i in font nullfont!
Missing character: There is no n in font nullfont!
Missing character: There is no p in font nullfont!
Missing character: There is no u in font nullfont!
Missing character: There is no t in font nullfont!
Missing character: There is no , in font nullfont!
Missing character: There is no s in font nullfont!
Missing character: There is no i in font nullfont!
Missing character: There is no z in font nullfont!
Missing character: There is no e in font nullfont!
Missing character: There is no o in font nullfont!
Missing character: There is no f in font nullfont!
Missing character: There is no ( in font nullfont!
Missing character: There is no i in font nullfont!
Missing character: There is no n in font nullfont!
Missing character: There is no p in font nullfont!
Missing character: There is no u in font nullfont!
Missing character: There is no t in font nullfont!
Missing character: There is no ) in font nullfont!
Missing character: There is no , in font nullfont!
Missing character: There is no f in font nullfont!
Missing character: There is no ) in font nullfont!
Missing character: There is no ! in font nullfont!
Missing character: There is no = in font nullfont!
Missing character: There is no N in font nullfont!
Missing character: There is no U in font nullfont!
Missing character: There is no L in font nullfont!
Missing character: There is no L in font nullfont!
Missing character: There is no ) in font nullfont!
Missing character: There is no u in font nullfont!
Missing character: There is no n in font nullfont!
Missing character: There is no s in font nullfont!
Missing character: There is no i in font nullfont!
Missing character: There is no g in font nullfont!
Missing character: There is no n in font nullfont!
Missing character: There is no e in font nullfont!
Missing character: There is no d in font nullfont!
Missing character: There is no i in font nullfont!
Missing character: There is no n in font nullfont!
Missing character: There is no t in font nullfont!
Missing character: There is no j in font nullfont!
Missing character: There is no = in font nullfont!
Missing character: There is no 0 in font nullfont!
Missing character: There is no ; in font nullfont!
Missing character: There is no i in font nullfont!
Missing character: There is no n in font nullfont!
Missing character: There is no p in font nullfont!
Missing character: There is no u in font nullfont!
Missing character: There is no t in font nullfont!
Missing character: There is no [ in font nullfont!
Missing character: There is no s in font nullfont!
Missing character: There is no t in font nullfont!
Missing character: There is no r in font nullfont!
Missing character: There is no l in font nullfont!
Missing character: There is no e in font nullfont!
Missing character: There is no n in font nullfont!
Missing character: There is no ( in font nullfont!
Missing character: There is no i in font nullfont!
Missing character: There is no n in font nullfont!
Missing character: There is no p in font nullfont!
Missing character: There is no u in font nullfont!
Missing character: There is no t in font nullfont!
Missing character: There is no ) in font nullfont!
Missing character: There is no - in font nullfont!
Missing character: There is no 1 in font nullfont!
Missing character: There is no ] in font nullfont!
Missing character: There is no = in font nullfont!
Missing character: There is no ' in font nullfont!
! Undefined control sequence.
l.141 		input[strlen(input)-1] = '\0
                                    ';
? 
Missing character: There is no ' in font nullfont!
Missing character: There is no ; in font nullfont!
Missing character: There is no f in font nullfont!
Missing character: There is no i in font nullfont!
Missing character: There is no n in font nullfont!
Missing character: There is no d in font nullfont!
! Missing $ inserted.
<inserted text> 
                $
l.142 		find_
             first_comment(input);
? 
! Missing $ inserted.
<inserted text> 
                $
l.152 
      
? 

Overfull \hbox (20.0pt too wide) in paragraph at lines 136--152
[]
 []


Overfull \hbox (123.66922pt too wide) in paragraph at lines 136--152
[]\OML/cmm/m/it/10 irst[]omment\OT1/cmr/m/n/10 (\OML/cmm/m/it/10 input\OT1/cmr/
m/n/10 ); \OML/cmm/m/it/10 char \OMS/cmsy/m/n/10 ^^C
 []


Overfull \hbox (63.83112pt too wide) in paragraph at lines 136--152
\OML/cmm/m/it/10 toks\OT1/cmr/m/n/10 [64]; \OML/cmm/m/it/10 char \OMS/cmsy/m/n/
10 ^^C
 []


Overfull \hbox (64.27553pt too wide) in paragraph at lines 136--152
\OML/cmm/m/it/10 token\OT1/cmr/m/n/10 ; \OML/cmm/m/it/10 token \OT1/cmr/m/n/10 
=
 []


Overfull \hbox (143.88005pt too wide) in paragraph at lines 136--152
\OML/cmm/m/it/10 strtok\OT1/cmr/m/n/10 (\OML/cmm/m/it/10 input; \OT1/cmr/m/n/10
 ""); \OML/cmm/m/it/10 while\OT1/cmr/m/n/10 (\OML/cmm/m/it/10 token\OT1/cmr/m/n
/10 ! =
 []


Overfull \hbox (286.0318pt too wide) in paragraph at lines 136--152
\OML/cmm/m/it/10 NULL\OT1/cmr/m/n/10 )[]\OML/cmm/m/it/10 toks\OT1/cmr/m/n/10 [\
OML/cmm/m/it/10 j\OT1/cmr/m/n/10 ] =
 []


Overfull \hbox (33.43193pt too wide) in paragraph at lines 136--152
\OML/cmm/m/it/10 NULL\OT1/cmr/m/n/10 ;$ 
 []


! LaTeX Error: Missing \begin{document}.

See the LaTeX manual or LaTeX Companion for explanation.
Type  H <return>  for immediate help.
 ...                                              
                                                  
l.153 		c
         har **args;
? 
Missing character: There is no c in font nullfont!
Missing character: There is no h in font nullfont!
Missing character: There is no a in font nullfont!
Missing character: There is no r in font nullfont!
Missing character: There is no * in font nullfont!
Missing character: There is no * in font nullfont!
Missing character: There is no a in font nullfont!
Missing character: There is no r in font nullfont!
Missing character: There is no g in font nullfont!
Missing character: There is no s in font nullfont!
Missing character: There is no ; in font nullfont!
Missing character: There is no i in font nullfont!
Missing character: There is no f in font nullfont!
Missing character: There is no ( in font nullfont!
Missing character: There is no a in font nullfont!
Missing character: There is no r in font nullfont!
Missing character: There is no g in font nullfont!
Missing character: There is no f in font nullfont!
Missing character: There is no i in font nullfont!
Missing character: There is no l in font nullfont!
Missing character: There is no e in font nullfont!
Missing character: There is no ! in font nullfont!
Missing character: There is no = in font nullfont!
Missing character: There is no N in font nullfont!
Missing character: There is no U in font nullfont!
Missing character: There is no L in font nullfont!
Missing character: There is no L in font nullfont!
Missing character: There is no ) in font nullfont!
Missing character: There is no a in font nullfont!
Missing character: There is no r in font nullfont!
Missing character: There is no g in font nullfont!
Missing character: There is no s in font nullfont!
Missing character: There is no = in font nullfont!
Missing character: There is no a in font nullfont!
Missing character: There is no p in font nullfont!
Missing character: There is no p in font nullfont!
Missing character: There is no e in font nullfont!
Missing character: There is no n in font nullfont!
Missing character: There is no d in font nullfont!
! Missing $ inserted.
<inserted text> 
                $
l.154 		if(argfile != NULL) args = append_
                                          args(j,toks);
? 
! Missing $ inserted.
<inserted text> 
                $
l.156 
      
? 

Overfull \hbox (20.0pt too wide) in paragraph at lines 153--156
[]
 []


Overfull \hbox (106.53856pt too wide) in paragraph at lines 153--156
[]\OML/cmm/m/it/10 rgs\OT1/cmr/m/n/10 (\OML/cmm/m/it/10 j; toks\OT1/cmr/m/n/10 
); \OML/cmm/m/it/10 elseargs \OT1/cmr/m/n/10 =
 []


Overfull \hbox (21.44447pt too wide) in paragraph at lines 153--156
\OML/cmm/m/it/10 toks\OT1/cmr/m/n/10 ;$ 
 []


! LaTeX Error: Missing \begin{document}.

See the LaTeX manual or LaTeX Companion for explanation.
Type  H <return>  for immediate help.
 ...                                              
                                                  
l.157 		i
         f(verbose) print_argv(args);
? 
Missing character: There is no i in font nullfont!
Missing character: There is no f in font nullfont!
Missing character: There is no ( in font nullfont!
Missing character: There is no v in font nullfont!
Missing character: There is no e in font nullfont!
Missing character: There is no r in font nullfont!
Missing character: There is no b in font nullfont!
Missing character: There is no o in font nullfont!
Missing character: There is no s in font nullfont!
Missing character: There is no e in font nullfont!
Missing character: There is no ) in font nullfont!
Missing character: There is no p in font nullfont!
Missing character: There is no r in font nullfont!
Missing character: There is no i in font nullfont!
Missing character: There is no n in font nullfont!
Missing character: There is no t in font nullfont!
! Missing $ inserted.
<inserted text> 
                $
l.157 		if(verbose) print_
                          argv(args);
? 
! Misplaced alignment tab character &.
l.174 					waitpid(child_pid, &
                               child_stat,0);
? 
! Missing $ inserted.
<inserted text> 
                $
l.179 
      
? 

Overfull \hbox (20.0pt too wide) in paragraph at lines 157--179
[]
 []


Overfull \hbox (183.09892pt too wide) in paragraph at lines 157--179
[]\OML/cmm/m/it/10 rgv\OT1/cmr/m/n/10 (\OML/cmm/m/it/10 args\OT1/cmr/m/n/10 ); 
\OML/cmm/m/it/10 intexitstat\OT1/cmr/m/n/10 ; \OML/cmm/m/it/10 switch\OT1/cmr/m
/n/10 (\OML/cmm/m/it/10 child[]id \OT1/cmr/m/n/10 =
 []


Overfull \hbox (1085.54643pt too wide) in paragraph at lines 157--179
\OML/cmm/m/it/10 fork\OT1/cmr/m/n/10 ())[]$ 
 []


! LaTeX Error: Missing \begin{docume